
*** Running vivado
    with args -log clock_1Hz.vds -m64 -product Vivado -mode batch -messageDb vivado.pb -notrace -source clock_1Hz.tcl


****** Vivado v2023.2.2 (64-bit)
  **** SW Build 4126759 on Thu Feb  8 23:52:05 MST 2024
  **** IP Build 4126054 on Fri Feb  9 11:39:09 MST 2024
  **** SharedData Build 4115275 on Tue Jan 30 00:40:57 MST 2024
    ** Copyright 1986-2022 Xilinx, Inc. All Rights Reserved.
    ** Copyright 2022-2024 Advanced Micro Devices, Inc. All Rights Reserved.

source clock_1Hz.tcl -notrace
create_project: Time (s): cpu = 00:00:05 ; elapsed = 00:00:05 . Memory (MB): peak = 1477.004 ; gain = 11.930 ; free physical = 1494 ; free virtual = 30433
Command: read_checkpoint -auto_incremental -incremental /home/edvinest/University/DigiElektro2/clock_1Hz/clock_1Hz.srcs/utils_1/imports/synth_1/clock_1Hz.dcp
INFO: [Vivado 12-5825] Read reference checkpoint from /home/edvinest/University/DigiElektro2/clock_1Hz/clock_1Hz.srcs/utils_1/imports/synth_1/clock_1Hz.dcp for incremental synthesis
INFO: [Vivado 12-7989] Please ensure there are no constraint changes
Command: synth_design -top clock_1Hz -part xc7a100tcsg324-1
Starting synth_design
Attempting to get a license for feature 'Synthesis' and/or device 'xc7a100t'
INFO: [Common 17-349] Got license for feature 'Synthesis' and/or device 'xc7a100t'
INFO: [Device 21-403] Loading part xc7a100tcsg324-1
INFO: [Designutils 20-5440] No compile time benefit to using incremental synthesis; A full resynthesis will be run
INFO: [Designutils 20-4379] Flow is switching to default flow due to incremental criteria not met. If you would like to alter this behaviour and have the flow terminate instead, please set the following parameter config_implementation {autoIncr.Synth.RejectBehavior Terminate}
INFO: [Synth 8-7079] Multithreading enabled for synth_design using a maximum of 4 processes.
INFO: [Synth 8-7078] Launching helper process for spawning children vivado processes
INFO: [Synth 8-7075] Helper process launched with PID 23751
---------------------------------------------------------------------------------
Starting RTL Elaboration : Time (s): cpu = 00:00:04 ; elapsed = 00:00:04 . Memory (MB): peak = 2233.602 ; gain = 405.684 ; free physical = 465 ; free virtual = 29403
---------------------------------------------------------------------------------
INFO: [Synth 8-638] synthesizing module 'clock_1Hz' [/home/edvinest/University/DigiElektro2/clock_1Hz/clock_1Hz.srcs/sources_1/new/clock_1Hz.vhd:42]
INFO: [Synth 8-256] done synthesizing module 'clock_1Hz' (0#1) [/home/edvinest/University/DigiElektro2/clock_1Hz/clock_1Hz.srcs/sources_1/new/clock_1Hz.vhd:42]
---------------------------------------------------------------------------------
Finished RTL Elaboration : Time (s): cpu = 00:00:05 ; elapsed = 00:00:05 . Memory (MB): peak = 2308.539 ; gain = 480.621 ; free physical = 369 ; free virtual = 29309
---------------------------------------------------------------------------------
---------------------------------------------------------------------------------
Start Handling Custom Attributes
---------------------------------------------------------------------------------
---------------------------------------------------------------------------------
Finished Handling Custom Attributes : Time (s): cpu = 00:00:05 ; elapsed = 00:00:05 . Memory (MB): peak = 2323.383 ; gain = 495.465 ; free physical = 368 ; free virtual = 29307
---------------------------------------------------------------------------------
---------------------------------------------------------------------------------
Finished RTL Optimization Phase 1 : Time (s): cpu = 00:00:05 ; elapsed = 00:00:05 . Memory (MB): peak = 2323.383 ; gain = 495.465 ; free physical = 368 ; free virtual = 29307
---------------------------------------------------------------------------------
Netlist sorting complete. Time (s): cpu = 00:00:00 ; elapsed = 00:00:00 . Memory (MB): peak = 2323.383 ; gain = 0.000 ; free physical = 368 ; free virtual = 29307
INFO: [Project 1-570] Preparing netlist for logic optimization

Processing XDC Constraints
Initializing timing engine
Parsing XDC File [/home/edvinest/University/DigiElektro2/clock_1Hz/clock_1Hz.srcs/constrs_1/new/clock_1Hz.xdc]
Finished Parsing XDC File [/home/edvinest/University/DigiElektro2/clock_1Hz/clock_1Hz.srcs/constrs_1/new/clock_1Hz.xdc]
INFO: [Project 1-236] Implementation specific constraints were found while reading constraint file [/home/edvinest/University/DigiElektro2/clock_1Hz/clock_1Hz.srcs/constrs_1/new/clock_1Hz.xdc]. These constraints will be ignored for synthesis but will be used in implementation. Impacted constraints are listed in the file [.Xil/clock_1Hz_propImpl.xdc].
Resolution: To avoid this warning, move constraints listed in [.Xil/clock_1Hz_propImpl.xdc] to another XDC file and exclude this new file from synthesis with the used_in_synthesis property (File Properties dialog in GUI) and re-run elaboration/synthesis.
Completed Processing XDC Constraints

Netlist sorting complete. Time (s): cpu = 00:00:00 ; elapsed = 00:00:00 . Memory (MB): peak = 2429.133 ; gain = 0.000 ; free physical = 362 ; free virtual = 29302
INFO: [Project 1-111] Unisim Transformation Summary:
No Unisim elements were transformed.

Constraint Validation Runtime : Time (s): cpu = 00:00:00 ; elapsed = 00:00:00 . Memory (MB): peak = 2429.168 ; gain = 0.000 ; free physical = 362 ; free virtual = 29301
INFO: [Designutils 20-5440] No compile time benefit to using incremental synthesis; A full resynthesis will be run
INFO: [Designutils 20-4379] Flow is switching to default flow due to incremental criteria not met. If you would like to alter this behaviour and have the flow terminate instead, please set the following parameter config_implementation {autoIncr.Synth.RejectBehavior Terminate}
---------------------------------------------------------------------------------
Finished Constraint Validation : Time (s): cpu = 00:00:10 ; elapsed = 00:00:11 . Memory (MB): peak = 2429.168 ; gain = 601.250 ; free physical = 362 ; free virtual = 29301
---------------------------------------------------------------------------------
---------------------------------------------------------------------------------
Start Loading Part and Timing Information
---------------------------------------------------------------------------------
Loading part: xc7a100tcsg324-1
---------------------------------------------------------------------------------
Finished Loading Part and Timing Information : Time (s): cpu = 00:00:10 ; elapsed = 00:00:11 . Memory (MB): peak = 2429.168 ; gain = 601.250 ; free physical = 362 ; free virtual = 29301
---------------------------------------------------------------------------------
---------------------------------------------------------------------------------
Start Applying 'set_property' XDC Constraints
---------------------------------------------------------------------------------
---------------------------------------------------------------------------------
Finished applying 'set_property' XDC Constraints : Time (s): cpu = 00:00:10 ; elapsed = 00:00:11 . Memory (MB): peak = 2429.168 ; gain = 601.250 ; free physical = 362 ; free virtual = 29301
---------------------------------------------------------------------------------
---------------------------------------------------------------------------------
Finished RTL Optimization Phase 2 : Time (s): cpu = 00:00:10 ; elapsed = 00:00:11 . Memory (MB): peak = 2429.168 ; gain = 601.250 ; free physical = 352 ; free virtual = 29292
---------------------------------------------------------------------------------
---------------------------------------------------------------------------------
Start RTL Component Statistics 
---------------------------------------------------------------------------------
Detailed RTL Component Info : 
+---Registers : 
	                1 Bit    Registers := 1     
---------------------------------------------------------------------------------
Finished RTL Component Statistics 
---------------------------------------------------------------------------------
---------------------------------------------------------------------------------
Start Part Resource Summary
---------------------------------------------------------------------------------
Part Resources:
DSPs: 240 (col length:80)
BRAMs: 270 (col length: RAMB18 80 RAMB36 40)
---------------------------------------------------------------------------------
Finished Part Resource Summary
---------------------------------------------------------------------------------
---------------------------------------------------------------------------------
Start Cross Boundary and Area Optimization
---------------------------------------------------------------------------------
WARNING: [Synth 8-7080] Parallel synthesis criteria is not met
---------------------------------------------------------------------------------
Finished Cross Boundary and Area Optimization : Time (s): cpu = 00:00:12 ; elapsed = 00:00:12 . Memory (MB): peak = 2429.168 ; gain = 601.250 ; free physical = 316 ; free virtual = 29260
---------------------------------------------------------------------------------
---------------------------------------------------------------------------------
Start Applying XDC Timing Constraints
---------------------------------------------------------------------------------
---------------------------------------------------------------------------------
Finished Applying XDC Timing Constraints : Time (s): cpu = 00:00:15 ; elapsed = 00:00:16 . Memory (MB): peak = 2429.168 ; gain = 601.250 ; free physical = 334 ; free virtual = 29278
---------------------------------------------------------------------------------
---------------------------------------------------------------------------------
Start Timing Optimization
---------------------------------------------------------------------------------
---------------------------------------------------------------------------------
Finished Timing Optimization : Time (s): cpu = 00:00:15 ; elapsed = 00:00:16 . Memory (MB): peak = 2429.168 ; gain = 601.250 ; free physical = 334 ; free virtual = 29278
---------------------------------------------------------------------------------
---------------------------------------------------------------------------------
Start Technology Mapping
---------------------------------------------------------------------------------
---------------------------------------------------------------------------------
Finished Technology Mapping : Time (s): cpu = 00:00:15 ; elapsed = 00:00:16 . Memory (MB): peak = 2429.168 ; gain = 601.250 ; free physical = 334 ; free virtual = 29278
---------------------------------------------------------------------------------
---------------------------------------------------------------------------------
Start IO Insertion
---------------------------------------------------------------------------------
---------------------------------------------------------------------------------
Start Flattening Before IO Insertion
---------------------------------------------------------------------------------
---------------------------------------------------------------------------------
Finished Flattening Before IO Insertion
---------------------------------------------------------------------------------
---------------------------------------------------------------------------------
Start Final Netlist Cleanup
---------------------------------------------------------------------------------
---------------------------------------------------------------------------------
Finished Final Netlist Cleanup
---------------------------------------------------------------------------------
---------------------------------------------------------------------------------
Finished IO Insertion : Time (s): cpu = 00:00:19 ; elapsed = 00:00:19 . Memory (MB): peak = 2429.168 ; gain = 601.250 ; free physical = 323 ; free virtual = 29268
---------------------------------------------------------------------------------
---------------------------------------------------------------------------------
Start Renaming Generated Instances
---------------------------------------------------------------------------------
---------------------------------------------------------------------------------
Finished Renaming Generated Instances : Time (s): cpu = 00:00:19 ; elapsed = 00:00:19 . Memory (MB): peak = 2429.168 ; gain = 601.250 ; free physical = 323 ; free virtual = 29268
---------------------------------------------------------------------------------
---------------------------------------------------------------------------------
Start Rebuilding User Hierarchy
---------------------------------------------------------------------------------
---------------------------------------------------------------------------------
Finished Rebuilding User Hierarchy : Time (s): cpu = 00:00:19 ; elapsed = 00:00:19 . Memory (MB): peak = 2429.168 ; gain = 601.250 ; free physical = 323 ; free virtual = 29268
---------------------------------------------------------------------------------
---------------------------------------------------------------------------------
Start Renaming Generated Ports
---------------------------------------------------------------------------------
---------------------------------------------------------------------------------
Finished Renaming Generated Ports : Time (s): cpu = 00:00:19 ; elapsed = 00:00:19 . Memory (MB): peak = 2429.168 ; gain = 601.250 ; free physical = 323 ; free virtual = 29268
---------------------------------------------------------------------------------
---------------------------------------------------------------------------------
Start Handling Custom Attributes
---------------------------------------------------------------------------------
---------------------------------------------------------------------------------
Finished Handling Custom Attributes : Time (s): cpu = 00:00:19 ; elapsed = 00:00:19 . Memory (MB): peak = 2429.168 ; gain = 601.250 ; free physical = 323 ; free virtual = 29268
---------------------------------------------------------------------------------
---------------------------------------------------------------------------------
Start Renaming Generated Nets
---------------------------------------------------------------------------------
---------------------------------------------------------------------------------
Finished Renaming Generated Nets : Time (s): cpu = 00:00:19 ; elapsed = 00:00:19 . Memory (MB): peak = 2429.168 ; gain = 601.250 ; free physical = 323 ; free virtual = 29268
---------------------------------------------------------------------------------
---------------------------------------------------------------------------------
Start Writing Synthesis Report
---------------------------------------------------------------------------------

Report BlackBoxes: 
+-+--------------+----------+
| |BlackBox name |Instances |
+-+--------------+----------+
+-+--------------+----------+

Report Cell Usage: 
+------+-------+------+
|      |Cell   |Count |
+------+-------+------+
|1     |BUFG   |     1|
|2     |CARRY4 |     7|
|3     |LUT1   |     1|
|4     |LUT3   |     2|
|5     |LUT4   |     8|
|6     |LUT6   |     1|
|7     |FDCE   |    27|
|8     |IBUF   |     2|
|9     |OBUF   |     1|
+------+-------+------+
---------------------------------------------------------------------------------
Finished Writing Synthesis Report : Time (s): cpu = 00:00:19 ; elapsed = 00:00:19 . Memory (MB): peak = 2429.168 ; gain = 601.250 ; free physical = 323 ; free virtual = 29268
---------------------------------------------------------------------------------
Synthesis finished with 0 errors, 0 critical warnings and 1 warnings.
Synthesis Optimization Runtime : Time (s): cpu = 00:00:17 ; elapsed = 00:00:18 . Memory (MB): peak = 2429.168 ; gain = 495.465 ; free physical = 314 ; free virtual = 29258
Synthesis Optimization Complete : Time (s): cpu = 00:00:19 ; elapsed = 00:00:19 . Memory (MB): peak = 2429.168 ; gain = 601.250 ; free physical = 314 ; free virtual = 29258
INFO: [Project 1-571] Translating synthesized netlist
Netlist sorting complete. Time (s): cpu = 00:00:00 ; elapsed = 00:00:00 . Memory (MB): peak = 2429.168 ; gain = 0.000 ; free physical = 314 ; free virtual = 29258
INFO: [Netlist 29-17] Analyzing 7 Unisim elements for replacement
INFO: [Netlist 29-28] Unisim Transformation completed in 0 CPU seconds
INFO: [Project 1-570] Preparing netlist for logic optimization
INFO: [Opt 31-138] Pushed 0 inverter(s) to 0 load pin(s).
Netlist sorting complete. Time (s): cpu = 00:00:00 ; elapsed = 00:00:00 . Memory (MB): peak = 2429.168 ; gain = 0.000 ; free physical = 601 ; free virtual = 29545
INFO: [Project 1-111] Unisim Transformation Summary:
No Unisim elements were transformed.

Synth Design complete | Checksum: c2122612
INFO: [Common 17-83] Releasing license: Synthesis
23 Infos, 1 Warnings, 0 Critical Warnings and 0 Errors encountered.
synth_design completed successfully
synth_design: Time (s): cpu = 00:00:24 ; elapsed = 00:00:22 . Memory (MB): peak = 2429.168 ; gain = 948.195 ; free physical = 600 ; free virtual = 29545
INFO: [Common 17-2834] synth_design peak Physical Memory [PSS] (MB): overall = 1793.229; main = 1484.177; forked = 376.949
INFO: [Common 17-2834] synth_design peak Virtual Memory [VSS] (MB): overall = 3997.621; main = 2397.121; forked = 1600.500
Write ShapeDB Complete: Time (s): cpu = 00:00:00 ; elapsed = 00:00:00 . Memory (MB): peak = 2429.168 ; gain = 0.000 ; free physical = 600 ; free virtual = 29545
INFO: [Common 17-1381] The checkpoint '/home/edvinest/University/DigiElektro2/clock_1Hz/clock_1Hz.runs/synth_1/clock_1Hz.dcp' has been generated.
INFO: [runtcl-4] Executing : report_utilization -file clock_1Hz_utilization_synth.rpt -pb clock_1Hz_utilization_synth.pb
INFO: [Common 17-206] Exiting Vivado at Thu Apr 11 15:01:50 2024...
