
*** Running vivado
    with args -log MEALYCounter.vds -m64 -product Vivado -mode batch -messageDb vivado.pb -notrace -source MEALYCounter.tcl


****** Vivado v2023.2.2 (64-bit)
  **** SW Build 4126759 on Thu Feb  8 23:52:05 MST 2024
  **** IP Build 4126054 on Fri Feb  9 11:39:09 MST 2024
  **** SharedData Build 4115275 on Tue Jan 30 00:40:57 MST 2024
    ** Copyright 1986-2022 Xilinx, Inc. All Rights Reserved.
    ** Copyright 2022-2024 Advanced Micro Devices, Inc. All Rights Reserved.

source MEALYCounter.tcl -notrace
create_project: Time (s): cpu = 00:00:05 ; elapsed = 00:00:05 . Memory (MB): peak = 1522.816 ; gain = 0.023 ; free physical = 1846 ; free virtual = 31542
Command: read_checkpoint -auto_incremental -incremental /home/edvinest/University/DigiElektro2/mealy_moore_automata/mealy_moore_automata.srcs/utils_1/imports/synth_1/MOORECounter.dcp
INFO: [Vivado 12-5825] Read reference checkpoint from /home/edvinest/University/DigiElektro2/mealy_moore_automata/mealy_moore_automata.srcs/utils_1/imports/synth_1/MOORECounter.dcp for incremental synthesis
INFO: [Vivado 12-7989] Please ensure there are no constraint changes
Command: synth_design -top MEALYCounter -part xc7a100tcsg324-1
Starting synth_design
Attempting to get a license for feature 'Synthesis' and/or device 'xc7a100t'
INFO: [Common 17-349] Got license for feature 'Synthesis' and/or device 'xc7a100t'
INFO: [Vivado_Tcl 4-1810] synth_design options have changed between reference and incremental; A full resynthesis will be run
INFO: [Device 21-403] Loading part xc7a100tcsg324-1
INFO: [Synth 8-7079] Multithreading enabled for synth_design using a maximum of 4 processes.
INFO: [Synth 8-7078] Launching helper process for spawning children vivado processes
INFO: [Synth 8-7075] Helper process launched with PID 19115
---------------------------------------------------------------------------------
Starting RTL Elaboration : Time (s): cpu = 00:00:04 ; elapsed = 00:00:04 . Memory (MB): peak = 2233.539 ; gain = 404.715 ; free physical = 881 ; free virtual = 30581
---------------------------------------------------------------------------------
INFO: [Synth 8-638] synthesizing module 'MEALYCounter' [/home/edvinest/University/DigiElektro2/mealy_moore_automata/mealy_moore_automata.srcs/sources_1/new/MEALYCounter.vhd:41]
INFO: [Synth 8-3491] module 'clock_1Hz' declared at '/home/edvinest/University/DigiElektro2/mealy_moore_automata/mealy_moore_automata.srcs/sources_1/imports/DigiElektro2/clock_1Hz/clock_1Hz.srcs/sources_1/new/clock_1Hz.vhd:36' bound to instance 'U1' of component 'clock_1Hz' [/home/edvinest/University/DigiElektro2/mealy_moore_automata/mealy_moore_automata.srcs/sources_1/new/MEALYCounter.vhd:69]
INFO: [Synth 8-638] synthesizing module 'clock_1Hz' [/home/edvinest/University/DigiElektro2/mealy_moore_automata/mealy_moore_automata.srcs/sources_1/imports/DigiElektro2/clock_1Hz/clock_1Hz.srcs/sources_1/new/clock_1Hz.vhd:42]
INFO: [Synth 8-256] done synthesizing module 'clock_1Hz' (0#1) [/home/edvinest/University/DigiElektro2/mealy_moore_automata/mealy_moore_automata.srcs/sources_1/imports/DigiElektro2/clock_1Hz/clock_1Hz.srcs/sources_1/new/clock_1Hz.vhd:42]
INFO: [Synth 8-3491] module 'MEALYautomata' declared at '/home/edvinest/University/DigiElektro2/mealy_moore_automata/mealy_moore_automata.srcs/sources_1/new/MEALYautomata.vhd:34' bound to instance 'U2' of component 'MEALYautomata' [/home/edvinest/University/DigiElektro2/mealy_moore_automata/mealy_moore_automata.srcs/sources_1/new/MEALYCounter.vhd:70]
INFO: [Synth 8-638] synthesizing module 'MEALYautomata' [/home/edvinest/University/DigiElektro2/mealy_moore_automata/mealy_moore_automata.srcs/sources_1/new/MEALYautomata.vhd:42]
INFO: [Synth 8-226] default block is never used [/home/edvinest/University/DigiElektro2/mealy_moore_automata/mealy_moore_automata.srcs/sources_1/new/MEALYautomata.vhd:73]
INFO: [Synth 8-256] done synthesizing module 'MEALYautomata' (0#1) [/home/edvinest/University/DigiElektro2/mealy_moore_automata/mealy_moore_automata.srcs/sources_1/new/MEALYautomata.vhd:42]
INFO: [Synth 8-3491] module 'hex_display' declared at '/home/edvinest/University/DigiElektro2/mealy_moore_automata/mealy_moore_automata.srcs/sources_1/imports/DigiElektro2/hex_display/hex_display.srcs/sources_1/new/hex_display.vhd:34' bound to instance 'U3' of component 'hex_display' [/home/edvinest/University/DigiElektro2/mealy_moore_automata/mealy_moore_automata.srcs/sources_1/new/MEALYCounter.vhd:71]
INFO: [Synth 8-638] synthesizing module 'hex_display' [/home/edvinest/University/DigiElektro2/mealy_moore_automata/mealy_moore_automata.srcs/sources_1/imports/DigiElektro2/hex_display/hex_display.srcs/sources_1/new/hex_display.vhd:42]
INFO: [Synth 8-226] default block is never used [/home/edvinest/University/DigiElektro2/mealy_moore_automata/mealy_moore_automata.srcs/sources_1/imports/DigiElektro2/hex_display/hex_display.srcs/sources_1/new/hex_display.vhd:55]
WARNING: [Synth 8-614] signal 'val' is read in the process but is not in the sensitivity list [/home/edvinest/University/DigiElektro2/mealy_moore_automata/mealy_moore_automata.srcs/sources_1/imports/DigiElektro2/hex_display/hex_display.srcs/sources_1/new/hex_display.vhd:48]
INFO: [Synth 8-256] done synthesizing module 'hex_display' (0#1) [/home/edvinest/University/DigiElektro2/mealy_moore_automata/mealy_moore_automata.srcs/sources_1/imports/DigiElektro2/hex_display/hex_display.srcs/sources_1/new/hex_display.vhd:42]
INFO: [Synth 8-256] done synthesizing module 'MEALYCounter' (0#1) [/home/edvinest/University/DigiElektro2/mealy_moore_automata/mealy_moore_automata.srcs/sources_1/new/MEALYCounter.vhd:41]
---------------------------------------------------------------------------------
Finished RTL Elaboration : Time (s): cpu = 00:00:05 ; elapsed = 00:00:05 . Memory (MB): peak = 2308.508 ; gain = 479.684 ; free physical = 783 ; free virtual = 30484
---------------------------------------------------------------------------------
---------------------------------------------------------------------------------
Start Handling Custom Attributes
---------------------------------------------------------------------------------
---------------------------------------------------------------------------------
Finished Handling Custom Attributes : Time (s): cpu = 00:00:05 ; elapsed = 00:00:06 . Memory (MB): peak = 2326.320 ; gain = 497.496 ; free physical = 782 ; free virtual = 30482
---------------------------------------------------------------------------------
---------------------------------------------------------------------------------
Finished RTL Optimization Phase 1 : Time (s): cpu = 00:00:05 ; elapsed = 00:00:06 . Memory (MB): peak = 2326.320 ; gain = 497.496 ; free physical = 782 ; free virtual = 30482
---------------------------------------------------------------------------------
Netlist sorting complete. Time (s): cpu = 00:00:00 ; elapsed = 00:00:00 . Memory (MB): peak = 2326.320 ; gain = 0.000 ; free physical = 782 ; free virtual = 30482
INFO: [Project 1-570] Preparing netlist for logic optimization

Processing XDC Constraints
Initializing timing engine
Parsing XDC File [/home/edvinest/University/DigiElektro2/mealy_moore_automata/mealy_moore_automata.srcs/constrs_1/new/automata.xdc]
Finished Parsing XDC File [/home/edvinest/University/DigiElektro2/mealy_moore_automata/mealy_moore_automata.srcs/constrs_1/new/automata.xdc]
INFO: [Project 1-236] Implementation specific constraints were found while reading constraint file [/home/edvinest/University/DigiElektro2/mealy_moore_automata/mealy_moore_automata.srcs/constrs_1/new/automata.xdc]. These constraints will be ignored for synthesis but will be used in implementation. Impacted constraints are listed in the file [.Xil/MEALYCounter_propImpl.xdc].
Resolution: To avoid this warning, move constraints listed in [.Xil/MEALYCounter_propImpl.xdc] to another XDC file and exclude this new file from synthesis with the used_in_synthesis property (File Properties dialog in GUI) and re-run elaboration/synthesis.
Completed Processing XDC Constraints

Netlist sorting complete. Time (s): cpu = 00:00:00 ; elapsed = 00:00:00 . Memory (MB): peak = 2451.070 ; gain = 0.000 ; free physical = 766 ; free virtual = 30467
INFO: [Project 1-111] Unisim Transformation Summary:
No Unisim elements were transformed.

Constraint Validation Runtime : Time (s): cpu = 00:00:00 ; elapsed = 00:00:00 . Memory (MB): peak = 2451.105 ; gain = 0.000 ; free physical = 766 ; free virtual = 30467
---------------------------------------------------------------------------------
Finished Constraint Validation : Time (s): cpu = 00:00:11 ; elapsed = 00:00:11 . Memory (MB): peak = 2451.105 ; gain = 622.281 ; free physical = 769 ; free virtual = 30469
---------------------------------------------------------------------------------
---------------------------------------------------------------------------------
Start Loading Part and Timing Information
---------------------------------------------------------------------------------
Loading part: xc7a100tcsg324-1
---------------------------------------------------------------------------------
Finished Loading Part and Timing Information : Time (s): cpu = 00:00:11 ; elapsed = 00:00:11 . Memory (MB): peak = 2451.105 ; gain = 622.281 ; free physical = 769 ; free virtual = 30469
---------------------------------------------------------------------------------
---------------------------------------------------------------------------------
Start Applying 'set_property' XDC Constraints
---------------------------------------------------------------------------------
---------------------------------------------------------------------------------
Finished applying 'set_property' XDC Constraints : Time (s): cpu = 00:00:11 ; elapsed = 00:00:11 . Memory (MB): peak = 2451.105 ; gain = 622.281 ; free physical = 769 ; free virtual = 30469
---------------------------------------------------------------------------------
---------------------------------------------------------------------------------
Start Preparing Guide Design
---------------------------------------------------------------------------------
---------------------------------------------------------------------------------
Finished Doing Graph Differ : Time (s): cpu = 00:00:11 ; elapsed = 00:00:11 . Memory (MB): peak = 2451.105 ; gain = 622.281 ; free physical = 767 ; free virtual = 30469
---------------------------------------------------------------------------------
---------------------------------------------------------------------------------
Finished Preparing Guide Design : Time (s): cpu = 00:00:11 ; elapsed = 00:00:11 . Memory (MB): peak = 2451.105 ; gain = 622.281 ; free physical = 767 ; free virtual = 30469
---------------------------------------------------------------------------------
WARNING: [Synth 8-327] inferring latch for variable 'kovetkezo_reg' [/home/edvinest/University/DigiElektro2/mealy_moore_automata/mealy_moore_automata.srcs/sources_1/new/MEALYautomata.vhd:63]
WARNING: [Synth 8-327] inferring latch for variable 'kovetkezo_z_reg' [/home/edvinest/University/DigiElektro2/mealy_moore_automata/mealy_moore_automata.srcs/sources_1/new/MEALYautomata.vhd:66]
---------------------------------------------------------------------------------
Finished RTL Optimization Phase 2 : Time (s): cpu = 00:00:11 ; elapsed = 00:00:12 . Memory (MB): peak = 2451.105 ; gain = 622.281 ; free physical = 768 ; free virtual = 30470
---------------------------------------------------------------------------------


Incremental Synthesis Report Summary:

1. Incremental synthesis run: no

   Reason for not running incremental synthesis : synth_design options have changed between reference and incremental


INFO: [Synth 8-7130] Flow is switching to default flow due to incremental criteria not met. If you would like to alter this behaviour and have the flow terminate instead, please set the following parameter config_implementation {autoIncr.Synth.RejectBehavior Terminate}
---------------------------------------------------------------------------------
Start RTL Component Statistics 
---------------------------------------------------------------------------------
Detailed RTL Component Info : 
+---Registers : 
	                2 Bit    Registers := 1     
	                1 Bit    Registers := 2     
+---Muxes : 
	   2 Input    2 Bit        Muxes := 3     
	   6 Input    2 Bit        Muxes := 1     
	   4 Input    1 Bit        Muxes := 3     
	   2 Input    1 Bit        Muxes := 3     
---------------------------------------------------------------------------------
Finished RTL Component Statistics 
---------------------------------------------------------------------------------
---------------------------------------------------------------------------------
Start Part Resource Summary
---------------------------------------------------------------------------------
Part Resources:
DSPs: 240 (col length:80)
BRAMs: 270 (col length: RAMB18 80 RAMB36 40)
---------------------------------------------------------------------------------
Finished Part Resource Summary
---------------------------------------------------------------------------------
---------------------------------------------------------------------------------
Start Cross Boundary and Area Optimization
---------------------------------------------------------------------------------
WARNING: [Synth 8-7080] Parallel synthesis criteria is not met
WARNING: [Synth 8-3332] Sequential element (U2/kovetkezo_reg[1]) is unused and will be removed from module MEALYCounter.
WARNING: [Synth 8-3332] Sequential element (U2/kovetkezo_reg[0]) is unused and will be removed from module MEALYCounter.
WARNING: [Synth 8-3332] Sequential element (U2/kovetkezo_z_reg) is unused and will be removed from module MEALYCounter.
---------------------------------------------------------------------------------
Finished Cross Boundary and Area Optimization : Time (s): cpu = 00:00:12 ; elapsed = 00:00:13 . Memory (MB): peak = 2451.105 ; gain = 622.281 ; free physical = 751 ; free virtual = 30456
---------------------------------------------------------------------------------
---------------------------------------------------------------------------------
Start Applying XDC Timing Constraints
---------------------------------------------------------------------------------
---------------------------------------------------------------------------------
Finished Applying XDC Timing Constraints : Time (s): cpu = 00:00:16 ; elapsed = 00:00:16 . Memory (MB): peak = 2451.105 ; gain = 622.281 ; free physical = 761 ; free virtual = 30466
---------------------------------------------------------------------------------
---------------------------------------------------------------------------------
Start Timing Optimization
---------------------------------------------------------------------------------
---------------------------------------------------------------------------------
Finished Timing Optimization : Time (s): cpu = 00:00:16 ; elapsed = 00:00:16 . Memory (MB): peak = 2451.105 ; gain = 622.281 ; free physical = 761 ; free virtual = 30466
---------------------------------------------------------------------------------
---------------------------------------------------------------------------------
Start Technology Mapping
---------------------------------------------------------------------------------
---------------------------------------------------------------------------------
Finished Technology Mapping : Time (s): cpu = 00:00:16 ; elapsed = 00:00:16 . Memory (MB): peak = 2451.105 ; gain = 622.281 ; free physical = 758 ; free virtual = 30463
---------------------------------------------------------------------------------
---------------------------------------------------------------------------------
Start IO Insertion
---------------------------------------------------------------------------------
---------------------------------------------------------------------------------
Start Flattening Before IO Insertion
---------------------------------------------------------------------------------
---------------------------------------------------------------------------------
Finished Flattening Before IO Insertion
---------------------------------------------------------------------------------
---------------------------------------------------------------------------------
Start Final Netlist Cleanup
---------------------------------------------------------------------------------
---------------------------------------------------------------------------------
Finished Final Netlist Cleanup
---------------------------------------------------------------------------------
---------------------------------------------------------------------------------
Finished IO Insertion : Time (s): cpu = 00:00:20 ; elapsed = 00:00:20 . Memory (MB): peak = 2451.105 ; gain = 622.281 ; free physical = 762 ; free virtual = 30467
---------------------------------------------------------------------------------
---------------------------------------------------------------------------------
Start Renaming Generated Instances
---------------------------------------------------------------------------------
---------------------------------------------------------------------------------
Finished Renaming Generated Instances : Time (s): cpu = 00:00:20 ; elapsed = 00:00:20 . Memory (MB): peak = 2451.105 ; gain = 622.281 ; free physical = 762 ; free virtual = 30467
---------------------------------------------------------------------------------
---------------------------------------------------------------------------------
Start Rebuilding User Hierarchy
---------------------------------------------------------------------------------
---------------------------------------------------------------------------------
Finished Rebuilding User Hierarchy : Time (s): cpu = 00:00:20 ; elapsed = 00:00:20 . Memory (MB): peak = 2451.105 ; gain = 622.281 ; free physical = 762 ; free virtual = 30467
---------------------------------------------------------------------------------
---------------------------------------------------------------------------------
Start Renaming Generated Ports
---------------------------------------------------------------------------------
---------------------------------------------------------------------------------
Finished Renaming Generated Ports : Time (s): cpu = 00:00:20 ; elapsed = 00:00:20 . Memory (MB): peak = 2451.105 ; gain = 622.281 ; free physical = 762 ; free virtual = 30467
---------------------------------------------------------------------------------
---------------------------------------------------------------------------------
Start Handling Custom Attributes
---------------------------------------------------------------------------------
---------------------------------------------------------------------------------
Finished Handling Custom Attributes : Time (s): cpu = 00:00:20 ; elapsed = 00:00:20 . Memory (MB): peak = 2451.105 ; gain = 622.281 ; free physical = 762 ; free virtual = 30467
---------------------------------------------------------------------------------
---------------------------------------------------------------------------------
Start Renaming Generated Nets
---------------------------------------------------------------------------------
---------------------------------------------------------------------------------
Finished Renaming Generated Nets : Time (s): cpu = 00:00:20 ; elapsed = 00:00:20 . Memory (MB): peak = 2451.105 ; gain = 622.281 ; free physical = 762 ; free virtual = 30467
---------------------------------------------------------------------------------
---------------------------------------------------------------------------------
Start Writing Synthesis Report
---------------------------------------------------------------------------------

Report BlackBoxes: 
+-+--------------+----------+
| |BlackBox name |Instances |
+-+--------------+----------+
+-+--------------+----------+

Report Cell Usage: 
+------+-------+------+
|      |Cell   |Count |
+------+-------+------+
|1     |BUFG   |     1|
|2     |CARRY4 |     7|
|3     |LUT1   |     1|
|4     |LUT2   |    31|
|5     |LUT3   |     5|
|6     |LUT4   |     2|
|7     |LUT6   |     3|
|8     |FDRE   |    30|
|9     |IBUF   |     2|
|10    |OBUF   |     9|
+------+-------+------+
---------------------------------------------------------------------------------
Finished Writing Synthesis Report : Time (s): cpu = 00:00:20 ; elapsed = 00:00:20 . Memory (MB): peak = 2451.105 ; gain = 622.281 ; free physical = 762 ; free virtual = 30467
---------------------------------------------------------------------------------
Synthesis finished with 0 errors, 0 critical warnings and 6 warnings.
Synthesis Optimization Runtime : Time (s): cpu = 00:00:18 ; elapsed = 00:00:19 . Memory (MB): peak = 2451.105 ; gain = 497.496 ; free physical = 762 ; free virtual = 30467
Synthesis Optimization Complete : Time (s): cpu = 00:00:20 ; elapsed = 00:00:20 . Memory (MB): peak = 2451.105 ; gain = 622.281 ; free physical = 762 ; free virtual = 30467
INFO: [Project 1-571] Translating synthesized netlist
Netlist sorting complete. Time (s): cpu = 00:00:00 ; elapsed = 00:00:00 . Memory (MB): peak = 2451.105 ; gain = 0.000 ; free physical = 762 ; free virtual = 30467
INFO: [Netlist 29-17] Analyzing 7 Unisim elements for replacement
INFO: [Netlist 29-28] Unisim Transformation completed in 0 CPU seconds
INFO: [Project 1-570] Preparing netlist for logic optimization
INFO: [Opt 31-138] Pushed 0 inverter(s) to 0 load pin(s).
Netlist sorting complete. Time (s): cpu = 00:00:00 ; elapsed = 00:00:00 . Memory (MB): peak = 2451.105 ; gain = 0.000 ; free physical = 1043 ; free virtual = 30749
INFO: [Project 1-111] Unisim Transformation Summary:
No Unisim elements were transformed.

Synth Design complete | Checksum: dccd24d4
INFO: [Common 17-83] Releasing license: Synthesis
32 Infos, 7 Warnings, 0 Critical Warnings and 0 Errors encountered.
synth_design completed successfully
synth_design: Time (s): cpu = 00:00:26 ; elapsed = 00:00:24 . Memory (MB): peak = 2451.105 ; gain = 928.289 ; free physical = 1043 ; free virtual = 30749
INFO: [Common 17-2834] synth_design peak Physical Memory [PSS] (MB): overall = 1826.736; main = 1497.507; forked = 377.073
INFO: [Common 17-2834] synth_design peak Virtual Memory [VSS] (MB): overall = 4019.562; main = 2451.074; forked = 1600.504
Write ShapeDB Complete: Time (s): cpu = 00:00:00 ; elapsed = 00:00:00 . Memory (MB): peak = 2475.082 ; gain = 0.000 ; free physical = 1043 ; free virtual = 30749
INFO: [Common 17-1381] The checkpoint '/home/edvinest/University/DigiElektro2/mealy_moore_automata/mealy_moore_automata.runs/synth_1/MEALYCounter.dcp' has been generated.
INFO: [runtcl-4] Executing : report_utilization -file MEALYCounter_utilization_synth.rpt -pb MEALYCounter_utilization_synth.pb
INFO: [Common 17-206] Exiting Vivado at Thu May 30 15:53:56 2024...
