
*** Running vivado
    with args -log counter_ThreeBit.vds -m64 -product Vivado -mode batch -messageDb vivado.pb -notrace -source counter_ThreeBit.tcl


****** Vivado v2023.2.2 (64-bit)
  **** SW Build 4126759 on Thu Feb  8 23:52:05 MST 2024
  **** IP Build 4126054 on Fri Feb  9 11:39:09 MST 2024
  **** SharedData Build 4115275 on Tue Jan 30 00:40:57 MST 2024
    ** Copyright 1986-2022 Xilinx, Inc. All Rights Reserved.
    ** Copyright 2022-2024 Advanced Micro Devices, Inc. All Rights Reserved.

source counter_ThreeBit.tcl -notrace
create_project: Time (s): cpu = 00:00:05 ; elapsed = 00:00:06 . Memory (MB): peak = 1476.973 ; gain = 11.930 ; free physical = 1960 ; free virtual = 31723
Command: read_checkpoint -auto_incremental -incremental /home/edvinest/University/DigiElektro2/jk_tarolo_2_bites_szamlalo/jk_tarolo_2_bites_szamlalo.srcs/utils_1/imports/synth_1/jk_automata.dcp
INFO: [Vivado 12-5825] Read reference checkpoint from /home/edvinest/University/DigiElektro2/jk_tarolo_2_bites_szamlalo/jk_tarolo_2_bites_szamlalo.srcs/utils_1/imports/synth_1/jk_automata.dcp for incremental synthesis
INFO: [Vivado 12-7989] Please ensure there are no constraint changes
Command: synth_design -top counter_ThreeBit -part xc7a100tcsg324-1
Starting synth_design
Attempting to get a license for feature 'Synthesis' and/or device 'xc7a100t'
INFO: [Common 17-349] Got license for feature 'Synthesis' and/or device 'xc7a100t'
INFO: [Device 21-403] Loading part xc7a100tcsg324-1
INFO: [Designutils 20-5440] No compile time benefit to using incremental synthesis; A full resynthesis will be run
INFO: [Designutils 20-4379] Flow is switching to default flow due to incremental criteria not met. If you would like to alter this behaviour and have the flow terminate instead, please set the following parameter config_implementation {autoIncr.Synth.RejectBehavior Terminate}
INFO: [Synth 8-7079] Multithreading enabled for synth_design using a maximum of 4 processes.
INFO: [Synth 8-7078] Launching helper process for spawning children vivado processes
INFO: [Synth 8-7075] Helper process launched with PID 11754
---------------------------------------------------------------------------------
Starting RTL Elaboration : Time (s): cpu = 00:00:04 ; elapsed = 00:00:04 . Memory (MB): peak = 2234.484 ; gain = 404.629 ; free physical = 911 ; free virtual = 30675
---------------------------------------------------------------------------------
INFO: [Synth 8-638] synthesizing module 'counter_ThreeBit' [/home/edvinest/University/DigiElektro2/jk_tarolo_2_bites_szamlalo/jk_tarolo_2_bites_szamlalo.srcs/sources_1/new/counter_ThreeBit.vhd:41]
INFO: [Synth 8-3491] module 'clock_1Hz' declared at '/home/edvinest/University/DigiElektro2/jk_tarolo_2_bites_szamlalo/jk_tarolo_2_bites_szamlalo.srcs/sources_1/imports/DigiElektro2/clock_1Hz/clock_1Hz.srcs/sources_1/new/clock_1Hz.vhd:36' bound to instance 'U1' of component 'clock_1Hz' [/home/edvinest/University/DigiElektro2/jk_tarolo_2_bites_szamlalo/jk_tarolo_2_bites_szamlalo.srcs/sources_1/new/counter_ThreeBit.vhd:82]
INFO: [Synth 8-638] synthesizing module 'clock_1Hz' [/home/edvinest/University/DigiElektro2/jk_tarolo_2_bites_szamlalo/jk_tarolo_2_bites_szamlalo.srcs/sources_1/imports/DigiElektro2/clock_1Hz/clock_1Hz.srcs/sources_1/new/clock_1Hz.vhd:42]
INFO: [Synth 8-256] done synthesizing module 'clock_1Hz' (0#1) [/home/edvinest/University/DigiElektro2/jk_tarolo_2_bites_szamlalo/jk_tarolo_2_bites_szamlalo.srcs/sources_1/imports/DigiElektro2/clock_1Hz/clock_1Hz.srcs/sources_1/new/clock_1Hz.vhd:42]
INFO: [Synth 8-3491] module 'jk_tarolo' declared at '/home/edvinest/University/DigiElektro2/jk_tarolo_2_bites_szamlalo/jk_tarolo_2_bites_szamlalo.srcs/sources_1/new/jk_tarolo.vhd:34' bound to instance 'U2' of component 'jk_tarolo' [/home/edvinest/University/DigiElektro2/jk_tarolo_2_bites_szamlalo/jk_tarolo_2_bites_szamlalo.srcs/sources_1/new/counter_ThreeBit.vhd:84]
INFO: [Synth 8-638] synthesizing module 'jk_tarolo' [/home/edvinest/University/DigiElektro2/jk_tarolo_2_bites_szamlalo/jk_tarolo_2_bites_szamlalo.srcs/sources_1/new/jk_tarolo.vhd:41]
INFO: [Synth 8-226] default block is never used [/home/edvinest/University/DigiElektro2/jk_tarolo_2_bites_szamlalo/jk_tarolo_2_bites_szamlalo.srcs/sources_1/new/jk_tarolo.vhd:53]
WARNING: [Synth 8-614] signal 'currentState' is read in the process but is not in the sensitivity list [/home/edvinest/University/DigiElektro2/jk_tarolo_2_bites_szamlalo/jk_tarolo_2_bites_szamlalo.srcs/sources_1/new/jk_tarolo.vhd:50]
INFO: [Synth 8-256] done synthesizing module 'jk_tarolo' (0#1) [/home/edvinest/University/DigiElektro2/jk_tarolo_2_bites_szamlalo/jk_tarolo_2_bites_szamlalo.srcs/sources_1/new/jk_tarolo.vhd:41]
INFO: [Synth 8-3491] module 'jk_tarolo' declared at '/home/edvinest/University/DigiElektro2/jk_tarolo_2_bites_szamlalo/jk_tarolo_2_bites_szamlalo.srcs/sources_1/new/jk_tarolo.vhd:34' bound to instance 'U3' of component 'jk_tarolo' [/home/edvinest/University/DigiElektro2/jk_tarolo_2_bites_szamlalo/jk_tarolo_2_bites_szamlalo.srcs/sources_1/new/counter_ThreeBit.vhd:85]
INFO: [Synth 8-3491] module 'jk_tarolo' declared at '/home/edvinest/University/DigiElektro2/jk_tarolo_2_bites_szamlalo/jk_tarolo_2_bites_szamlalo.srcs/sources_1/new/jk_tarolo.vhd:34' bound to instance 'U4' of component 'jk_tarolo' [/home/edvinest/University/DigiElektro2/jk_tarolo_2_bites_szamlalo/jk_tarolo_2_bites_szamlalo.srcs/sources_1/new/counter_ThreeBit.vhd:86]
INFO: [Synth 8-3491] module 'logika_ThreeBit' declared at '/home/edvinest/University/DigiElektro2/jk_tarolo_2_bites_szamlalo/jk_tarolo_2_bites_szamlalo.srcs/sources_1/new/logika_ThreeBit.vhd:34' bound to instance 'U5' of component 'logika_ThreeBit' [/home/edvinest/University/DigiElektro2/jk_tarolo_2_bites_szamlalo/jk_tarolo_2_bites_szamlalo.srcs/sources_1/new/counter_ThreeBit.vhd:87]
INFO: [Synth 8-638] synthesizing module 'logika_ThreeBit' [/home/edvinest/University/DigiElektro2/jk_tarolo_2_bites_szamlalo/jk_tarolo_2_bites_szamlalo.srcs/sources_1/new/logika_ThreeBit.vhd:48]
INFO: [Synth 8-256] done synthesizing module 'logika_ThreeBit' (0#1) [/home/edvinest/University/DigiElektro2/jk_tarolo_2_bites_szamlalo/jk_tarolo_2_bites_szamlalo.srcs/sources_1/new/logika_ThreeBit.vhd:48]
INFO: [Synth 8-3491] module 'hex_display' declared at '/home/edvinest/University/DigiElektro2/jk_tarolo_2_bites_szamlalo/jk_tarolo_2_bites_szamlalo.srcs/sources_1/imports/DigiElektro2/hex_display/hex_display.srcs/sources_1/new/hex_display.vhd:34' bound to instance 'U6' of component 'hex_display' [/home/edvinest/University/DigiElektro2/jk_tarolo_2_bites_szamlalo/jk_tarolo_2_bites_szamlalo.srcs/sources_1/new/counter_ThreeBit.vhd:88]
INFO: [Synth 8-638] synthesizing module 'hex_display' [/home/edvinest/University/DigiElektro2/jk_tarolo_2_bites_szamlalo/jk_tarolo_2_bites_szamlalo.srcs/sources_1/imports/DigiElektro2/hex_display/hex_display.srcs/sources_1/new/hex_display.vhd:42]
INFO: [Synth 8-226] default block is never used [/home/edvinest/University/DigiElektro2/jk_tarolo_2_bites_szamlalo/jk_tarolo_2_bites_szamlalo.srcs/sources_1/imports/DigiElektro2/hex_display/hex_display.srcs/sources_1/new/hex_display.vhd:55]
WARNING: [Synth 8-614] signal 'val' is read in the process but is not in the sensitivity list [/home/edvinest/University/DigiElektro2/jk_tarolo_2_bites_szamlalo/jk_tarolo_2_bites_szamlalo.srcs/sources_1/imports/DigiElektro2/hex_display/hex_display.srcs/sources_1/new/hex_display.vhd:48]
INFO: [Synth 8-256] done synthesizing module 'hex_display' (0#1) [/home/edvinest/University/DigiElektro2/jk_tarolo_2_bites_szamlalo/jk_tarolo_2_bites_szamlalo.srcs/sources_1/imports/DigiElektro2/hex_display/hex_display.srcs/sources_1/new/hex_display.vhd:42]
INFO: [Synth 8-256] done synthesizing module 'counter_ThreeBit' (0#1) [/home/edvinest/University/DigiElektro2/jk_tarolo_2_bites_szamlalo/jk_tarolo_2_bites_szamlalo.srcs/sources_1/new/counter_ThreeBit.vhd:41]
---------------------------------------------------------------------------------
Finished RTL Elaboration : Time (s): cpu = 00:00:05 ; elapsed = 00:00:06 . Memory (MB): peak = 2309.453 ; gain = 479.598 ; free physical = 817 ; free virtual = 30581
---------------------------------------------------------------------------------
---------------------------------------------------------------------------------
Start Handling Custom Attributes
---------------------------------------------------------------------------------
---------------------------------------------------------------------------------
Finished Handling Custom Attributes : Time (s): cpu = 00:00:05 ; elapsed = 00:00:06 . Memory (MB): peak = 2327.266 ; gain = 497.410 ; free physical = 817 ; free virtual = 30581
---------------------------------------------------------------------------------
---------------------------------------------------------------------------------
Finished RTL Optimization Phase 1 : Time (s): cpu = 00:00:05 ; elapsed = 00:00:06 . Memory (MB): peak = 2327.266 ; gain = 497.410 ; free physical = 817 ; free virtual = 30581
---------------------------------------------------------------------------------
Netlist sorting complete. Time (s): cpu = 00:00:00 ; elapsed = 00:00:00 . Memory (MB): peak = 2327.266 ; gain = 0.000 ; free physical = 817 ; free virtual = 30581
INFO: [Project 1-570] Preparing netlist for logic optimization

Processing XDC Constraints
Initializing timing engine
Parsing XDC File [/home/edvinest/University/DigiElektro2/jk_tarolo_2_bites_szamlalo/jk_tarolo_2_bites_szamlalo.srcs/constrs_1/new/jk_automata.xdc]
WARNING: [Vivado 12-584] No ports matched 'clk_IN'. [/home/edvinest/University/DigiElektro2/jk_tarolo_2_bites_szamlalo/jk_tarolo_2_bites_szamlalo.srcs/constrs_1/new/jk_automata.xdc:1]
CRITICAL WARNING: [Common 17-55] 'set_property' expects at least one object. [/home/edvinest/University/DigiElektro2/jk_tarolo_2_bites_szamlalo/jk_tarolo_2_bites_szamlalo.srcs/constrs_1/new/jk_automata.xdc:1]
Resolution: If [get_<value>] was used to populate the object, check to make sure this command returns at least one valid object.
WARNING: [Vivado 12-584] No ports matched 'hex_Out[7]'. [/home/edvinest/University/DigiElektro2/jk_tarolo_2_bites_szamlalo/jk_tarolo_2_bites_szamlalo.srcs/constrs_1/new/jk_automata.xdc:5]
CRITICAL WARNING: [Common 17-55] 'set_property' expects at least one object. [/home/edvinest/University/DigiElektro2/jk_tarolo_2_bites_szamlalo/jk_tarolo_2_bites_szamlalo.srcs/constrs_1/new/jk_automata.xdc:5]
Resolution: If [get_<value>] was used to populate the object, check to make sure this command returns at least one valid object.
WARNING: [Vivado 12-584] No ports matched 'hex_Out[6]'. [/home/edvinest/University/DigiElektro2/jk_tarolo_2_bites_szamlalo/jk_tarolo_2_bites_szamlalo.srcs/constrs_1/new/jk_automata.xdc:6]
CRITICAL WARNING: [Common 17-55] 'set_property' expects at least one object. [/home/edvinest/University/DigiElektro2/jk_tarolo_2_bites_szamlalo/jk_tarolo_2_bites_szamlalo.srcs/constrs_1/new/jk_automata.xdc:6]
Resolution: If [get_<value>] was used to populate the object, check to make sure this command returns at least one valid object.
WARNING: [Vivado 12-584] No ports matched 'hex_Out[5]'. [/home/edvinest/University/DigiElektro2/jk_tarolo_2_bites_szamlalo/jk_tarolo_2_bites_szamlalo.srcs/constrs_1/new/jk_automata.xdc:7]
CRITICAL WARNING: [Common 17-55] 'set_property' expects at least one object. [/home/edvinest/University/DigiElektro2/jk_tarolo_2_bites_szamlalo/jk_tarolo_2_bites_szamlalo.srcs/constrs_1/new/jk_automata.xdc:7]
Resolution: If [get_<value>] was used to populate the object, check to make sure this command returns at least one valid object.
WARNING: [Vivado 12-584] No ports matched 'hex_Out[4]'. [/home/edvinest/University/DigiElektro2/jk_tarolo_2_bites_szamlalo/jk_tarolo_2_bites_szamlalo.srcs/constrs_1/new/jk_automata.xdc:8]
CRITICAL WARNING: [Common 17-55] 'set_property' expects at least one object. [/home/edvinest/University/DigiElektro2/jk_tarolo_2_bites_szamlalo/jk_tarolo_2_bites_szamlalo.srcs/constrs_1/new/jk_automata.xdc:8]
Resolution: If [get_<value>] was used to populate the object, check to make sure this command returns at least one valid object.
WARNING: [Vivado 12-584] No ports matched 'hex_Out[3]'. [/home/edvinest/University/DigiElektro2/jk_tarolo_2_bites_szamlalo/jk_tarolo_2_bites_szamlalo.srcs/constrs_1/new/jk_automata.xdc:9]
CRITICAL WARNING: [Common 17-55] 'set_property' expects at least one object. [/home/edvinest/University/DigiElektro2/jk_tarolo_2_bites_szamlalo/jk_tarolo_2_bites_szamlalo.srcs/constrs_1/new/jk_automata.xdc:9]
Resolution: If [get_<value>] was used to populate the object, check to make sure this command returns at least one valid object.
WARNING: [Vivado 12-584] No ports matched 'hex_Out[2]'. [/home/edvinest/University/DigiElektro2/jk_tarolo_2_bites_szamlalo/jk_tarolo_2_bites_szamlalo.srcs/constrs_1/new/jk_automata.xdc:10]
CRITICAL WARNING: [Common 17-55] 'set_property' expects at least one object. [/home/edvinest/University/DigiElektro2/jk_tarolo_2_bites_szamlalo/jk_tarolo_2_bites_szamlalo.srcs/constrs_1/new/jk_automata.xdc:10]
Resolution: If [get_<value>] was used to populate the object, check to make sure this command returns at least one valid object.
WARNING: [Vivado 12-584] No ports matched 'hex_Out[1]'. [/home/edvinest/University/DigiElektro2/jk_tarolo_2_bites_szamlalo/jk_tarolo_2_bites_szamlalo.srcs/constrs_1/new/jk_automata.xdc:11]
CRITICAL WARNING: [Common 17-55] 'set_property' expects at least one object. [/home/edvinest/University/DigiElektro2/jk_tarolo_2_bites_szamlalo/jk_tarolo_2_bites_szamlalo.srcs/constrs_1/new/jk_automata.xdc:11]
Resolution: If [get_<value>] was used to populate the object, check to make sure this command returns at least one valid object.
WARNING: [Vivado 12-584] No ports matched 'hex_Out[0]'. [/home/edvinest/University/DigiElektro2/jk_tarolo_2_bites_szamlalo/jk_tarolo_2_bites_szamlalo.srcs/constrs_1/new/jk_automata.xdc:12]
CRITICAL WARNING: [Common 17-55] 'set_property' expects at least one object. [/home/edvinest/University/DigiElektro2/jk_tarolo_2_bites_szamlalo/jk_tarolo_2_bites_szamlalo.srcs/constrs_1/new/jk_automata.xdc:12]
Resolution: If [get_<value>] was used to populate the object, check to make sure this command returns at least one valid object.
Finished Parsing XDC File [/home/edvinest/University/DigiElektro2/jk_tarolo_2_bites_szamlalo/jk_tarolo_2_bites_szamlalo.srcs/constrs_1/new/jk_automata.xdc]
INFO: [Project 1-236] Implementation specific constraints were found while reading constraint file [/home/edvinest/University/DigiElektro2/jk_tarolo_2_bites_szamlalo/jk_tarolo_2_bites_szamlalo.srcs/constrs_1/new/jk_automata.xdc]. These constraints will be ignored for synthesis but will be used in implementation. Impacted constraints are listed in the file [.Xil/counter_ThreeBit_propImpl.xdc].
Resolution: To avoid this warning, move constraints listed in [.Xil/counter_ThreeBit_propImpl.xdc] to another XDC file and exclude this new file from synthesis with the used_in_synthesis property (File Properties dialog in GUI) and re-run elaboration/synthesis.
Parsing XDC File [/home/edvinest/University/DigiElektro2/jk_tarolo_2_bites_szamlalo/jk_tarolo_2_bites_szamlalo.srcs/constrs_1/new/counter_ThreeBit.xdc]
Finished Parsing XDC File [/home/edvinest/University/DigiElektro2/jk_tarolo_2_bites_szamlalo/jk_tarolo_2_bites_szamlalo.srcs/constrs_1/new/counter_ThreeBit.xdc]
INFO: [Project 1-236] Implementation specific constraints were found while reading constraint file [/home/edvinest/University/DigiElektro2/jk_tarolo_2_bites_szamlalo/jk_tarolo_2_bites_szamlalo.srcs/constrs_1/new/counter_ThreeBit.xdc]. These constraints will be ignored for synthesis but will be used in implementation. Impacted constraints are listed in the file [.Xil/counter_ThreeBit_propImpl.xdc].
Resolution: To avoid this warning, move constraints listed in [.Xil/counter_ThreeBit_propImpl.xdc] to another XDC file and exclude this new file from synthesis with the used_in_synthesis property (File Properties dialog in GUI) and re-run elaboration/synthesis.
Completed Processing XDC Constraints

Netlist sorting complete. Time (s): cpu = 00:00:00 ; elapsed = 00:00:00 . Memory (MB): peak = 2447.016 ; gain = 0.000 ; free physical = 805 ; free virtual = 30569
INFO: [Project 1-111] Unisim Transformation Summary:
No Unisim elements were transformed.

Constraint Validation Runtime : Time (s): cpu = 00:00:00 ; elapsed = 00:00:00 . Memory (MB): peak = 2447.051 ; gain = 0.000 ; free physical = 806 ; free virtual = 30570
INFO: [Designutils 20-5440] No compile time benefit to using incremental synthesis; A full resynthesis will be run
INFO: [Designutils 20-4379] Flow is switching to default flow due to incremental criteria not met. If you would like to alter this behaviour and have the flow terminate instead, please set the following parameter config_implementation {autoIncr.Synth.RejectBehavior Terminate}
---------------------------------------------------------------------------------
Finished Constraint Validation : Time (s): cpu = 00:00:11 ; elapsed = 00:00:11 . Memory (MB): peak = 2447.051 ; gain = 617.195 ; free physical = 806 ; free virtual = 30574
---------------------------------------------------------------------------------
---------------------------------------------------------------------------------
Start Loading Part and Timing Information
---------------------------------------------------------------------------------
Loading part: xc7a100tcsg324-1
---------------------------------------------------------------------------------
Finished Loading Part and Timing Information : Time (s): cpu = 00:00:11 ; elapsed = 00:00:11 . Memory (MB): peak = 2447.051 ; gain = 617.195 ; free physical = 806 ; free virtual = 30574
---------------------------------------------------------------------------------
---------------------------------------------------------------------------------
Start Applying 'set_property' XDC Constraints
---------------------------------------------------------------------------------
---------------------------------------------------------------------------------
Finished applying 'set_property' XDC Constraints : Time (s): cpu = 00:00:11 ; elapsed = 00:00:11 . Memory (MB): peak = 2447.051 ; gain = 617.195 ; free physical = 806 ; free virtual = 30574
---------------------------------------------------------------------------------
---------------------------------------------------------------------------------
Finished RTL Optimization Phase 2 : Time (s): cpu = 00:00:11 ; elapsed = 00:00:12 . Memory (MB): peak = 2447.051 ; gain = 617.195 ; free physical = 806 ; free virtual = 30575
---------------------------------------------------------------------------------
---------------------------------------------------------------------------------
Start RTL Component Statistics 
---------------------------------------------------------------------------------
Detailed RTL Component Info : 
+---Registers : 
	                1 Bit    Registers := 4     
+---Muxes : 
	   4 Input    1 Bit        Muxes := 6     
---------------------------------------------------------------------------------
Finished RTL Component Statistics 
---------------------------------------------------------------------------------
---------------------------------------------------------------------------------
Start Part Resource Summary
---------------------------------------------------------------------------------
Part Resources:
DSPs: 240 (col length:80)
BRAMs: 270 (col length: RAMB18 80 RAMB36 40)
---------------------------------------------------------------------------------
Finished Part Resource Summary
---------------------------------------------------------------------------------
---------------------------------------------------------------------------------
Start Cross Boundary and Area Optimization
---------------------------------------------------------------------------------
WARNING: [Synth 8-7080] Parallel synthesis criteria is not met
---------------------------------------------------------------------------------
Finished Cross Boundary and Area Optimization : Time (s): cpu = 00:00:12 ; elapsed = 00:00:13 . Memory (MB): peak = 2447.051 ; gain = 617.195 ; free physical = 780 ; free virtual = 30553
---------------------------------------------------------------------------------
---------------------------------------------------------------------------------
Start Applying XDC Timing Constraints
---------------------------------------------------------------------------------
---------------------------------------------------------------------------------
Finished Applying XDC Timing Constraints : Time (s): cpu = 00:00:16 ; elapsed = 00:00:16 . Memory (MB): peak = 2447.051 ; gain = 617.195 ; free physical = 782 ; free virtual = 30556
---------------------------------------------------------------------------------
---------------------------------------------------------------------------------
Start Timing Optimization
---------------------------------------------------------------------------------
---------------------------------------------------------------------------------
Finished Timing Optimization : Time (s): cpu = 00:00:16 ; elapsed = 00:00:16 . Memory (MB): peak = 2447.051 ; gain = 617.195 ; free physical = 782 ; free virtual = 30556
---------------------------------------------------------------------------------
---------------------------------------------------------------------------------
Start Technology Mapping
---------------------------------------------------------------------------------
---------------------------------------------------------------------------------
Finished Technology Mapping : Time (s): cpu = 00:00:16 ; elapsed = 00:00:16 . Memory (MB): peak = 2447.051 ; gain = 617.195 ; free physical = 782 ; free virtual = 30556
---------------------------------------------------------------------------------
---------------------------------------------------------------------------------
Start IO Insertion
---------------------------------------------------------------------------------
---------------------------------------------------------------------------------
Start Flattening Before IO Insertion
---------------------------------------------------------------------------------
---------------------------------------------------------------------------------
Finished Flattening Before IO Insertion
---------------------------------------------------------------------------------
---------------------------------------------------------------------------------
Start Final Netlist Cleanup
---------------------------------------------------------------------------------
---------------------------------------------------------------------------------
Finished Final Netlist Cleanup
---------------------------------------------------------------------------------
---------------------------------------------------------------------------------
Finished IO Insertion : Time (s): cpu = 00:00:20 ; elapsed = 00:00:20 . Memory (MB): peak = 2447.051 ; gain = 617.195 ; free physical = 788 ; free virtual = 30561
---------------------------------------------------------------------------------
---------------------------------------------------------------------------------
Start Renaming Generated Instances
---------------------------------------------------------------------------------
---------------------------------------------------------------------------------
Finished Renaming Generated Instances : Time (s): cpu = 00:00:20 ; elapsed = 00:00:20 . Memory (MB): peak = 2447.051 ; gain = 617.195 ; free physical = 788 ; free virtual = 30561
---------------------------------------------------------------------------------
---------------------------------------------------------------------------------
Start Rebuilding User Hierarchy
---------------------------------------------------------------------------------
---------------------------------------------------------------------------------
Finished Rebuilding User Hierarchy : Time (s): cpu = 00:00:20 ; elapsed = 00:00:20 . Memory (MB): peak = 2447.051 ; gain = 617.195 ; free physical = 788 ; free virtual = 30561
---------------------------------------------------------------------------------
---------------------------------------------------------------------------------
Start Renaming Generated Ports
---------------------------------------------------------------------------------
---------------------------------------------------------------------------------
Finished Renaming Generated Ports : Time (s): cpu = 00:00:20 ; elapsed = 00:00:20 . Memory (MB): peak = 2447.051 ; gain = 617.195 ; free physical = 788 ; free virtual = 30561
---------------------------------------------------------------------------------
---------------------------------------------------------------------------------
Start Handling Custom Attributes
---------------------------------------------------------------------------------
---------------------------------------------------------------------------------
Finished Handling Custom Attributes : Time (s): cpu = 00:00:20 ; elapsed = 00:00:20 . Memory (MB): peak = 2447.051 ; gain = 617.195 ; free physical = 788 ; free virtual = 30561
---------------------------------------------------------------------------------
---------------------------------------------------------------------------------
Start Renaming Generated Nets
---------------------------------------------------------------------------------
---------------------------------------------------------------------------------
Finished Renaming Generated Nets : Time (s): cpu = 00:00:20 ; elapsed = 00:00:20 . Memory (MB): peak = 2447.051 ; gain = 617.195 ; free physical = 788 ; free virtual = 30561
---------------------------------------------------------------------------------
---------------------------------------------------------------------------------
Start Writing Synthesis Report
---------------------------------------------------------------------------------

Report BlackBoxes: 
+-+--------------+----------+
| |BlackBox name |Instances |
+-+--------------+----------+
+-+--------------+----------+

Report Cell Usage: 
+------+-------+------+
|      |Cell   |Count |
+------+-------+------+
|1     |BUFG   |     1|
|2     |CARRY4 |     7|
|3     |LUT1   |     1|
|4     |LUT2   |    28|
|5     |LUT3   |     9|
|6     |LUT4   |     3|
|7     |LUT5   |     1|
|8     |LUT6   |     3|
|9     |FDRE   |    30|
|10    |IBUF   |     3|
|11    |OBUF   |     8|
+------+-------+------+
---------------------------------------------------------------------------------
Finished Writing Synthesis Report : Time (s): cpu = 00:00:20 ; elapsed = 00:00:20 . Memory (MB): peak = 2447.051 ; gain = 617.195 ; free physical = 788 ; free virtual = 30561
---------------------------------------------------------------------------------
Synthesis finished with 0 errors, 0 critical warnings and 1 warnings.
Synthesis Optimization Runtime : Time (s): cpu = 00:00:18 ; elapsed = 00:00:19 . Memory (MB): peak = 2447.051 ; gain = 497.410 ; free physical = 787 ; free virtual = 30561
Synthesis Optimization Complete : Time (s): cpu = 00:00:20 ; elapsed = 00:00:20 . Memory (MB): peak = 2447.051 ; gain = 617.195 ; free physical = 787 ; free virtual = 30561
INFO: [Project 1-571] Translating synthesized netlist
Netlist sorting complete. Time (s): cpu = 00:00:00 ; elapsed = 00:00:00 . Memory (MB): peak = 2447.051 ; gain = 0.000 ; free physical = 787 ; free virtual = 30561
INFO: [Netlist 29-17] Analyzing 7 Unisim elements for replacement
INFO: [Netlist 29-28] Unisim Transformation completed in 0 CPU seconds
INFO: [Project 1-570] Preparing netlist for logic optimization
INFO: [Opt 31-138] Pushed 0 inverter(s) to 0 load pin(s).
Netlist sorting complete. Time (s): cpu = 00:00:00 ; elapsed = 00:00:00 . Memory (MB): peak = 2447.051 ; gain = 0.000 ; free physical = 1051 ; free virtual = 30824
INFO: [Project 1-111] Unisim Transformation Summary:
No Unisim elements were transformed.

Synth Design complete | Checksum: 1ca11a04
INFO: [Common 17-83] Releasing license: Synthesis
40 Infos, 12 Warnings, 9 Critical Warnings and 0 Errors encountered.
synth_design completed successfully
synth_design: Time (s): cpu = 00:00:26 ; elapsed = 00:00:24 . Memory (MB): peak = 2447.051 ; gain = 966.109 ; free physical = 1051 ; free virtual = 30824
INFO: [Common 17-2834] synth_design peak Physical Memory [PSS] (MB): overall = 1815.988; main = 1486.534; forked = 377.030
INFO: [Common 17-2834] synth_design peak Virtual Memory [VSS] (MB): overall = 4015.508; main = 2447.020; forked = 1600.504
INFO: [runtcl-6] Synthesis results are not added to the cache due to CRITICAL_WARNING
Write ShapeDB Complete: Time (s): cpu = 00:00:00 ; elapsed = 00:00:00 . Memory (MB): peak = 2471.027 ; gain = 0.000 ; free physical = 1051 ; free virtual = 30824
INFO: [Common 17-1381] The checkpoint '/home/edvinest/University/DigiElektro2/jk_tarolo_2_bites_szamlalo/jk_tarolo_2_bites_szamlalo.runs/synth_1/counter_ThreeBit.dcp' has been generated.
INFO: [runtcl-4] Executing : report_utilization -file counter_ThreeBit_utilization_synth.rpt -pb counter_ThreeBit_utilization_synth.pb
INFO: [Common 17-206] Exiting Vivado at Thu May 23 14:49:46 2024...
